# JRE version: OpenJDK Runtime Environment (10.0.2+13) (build 10.0.2+13-Ubuntu-1ubuntu0.18.04.2)
# Java VM: OpenJDK 64-Bit Server VM (10.0.2+13-Ubuntu-1ubuntu0.18.04.2, mixed mode, tiered, compressed oops, g1 gc, linux-amd64)
Heap:
 garbage-first heap   total 693248K, used 449223K [0x00000000c5000000, 0x0000000100000000)
  region size 1024K, 3 young (3072K), 3 survivors (3072K)
 Metaspace       used 31878K, capacity 32420K, committed 32944K, reserved 1079296K
  class space    used 2682K, capacity 2949K, committed 2992K, reserved 1048576K
GC Heap History (10 events):
Event: 70.661 GC heap after
{Heap after GC invocations=83 (full 0):
 garbage-first heap   total 458752K, used 405201K [0x00000000c5000000, 0x0000000100000000)
  region size 1024K, 3 young (3072K), 3 survivors (3072K)
 Metaspace       used 31854K, capacity 32420K, committed 32944K, reserved 1079296K
  class space    used 2682K, capacity 2949K, committed 2992K, reserved 1048576K
}
Event: 70.784 GC heap before
{Heap before GC invocations=83 (full 0):
 garbage-first heap   total 458752K, used 434897K [0x00000000c5000000, 0x0000000100000000)
  region size 1024K, 22 young (22528K), 3 survivors (3072K)
 Metaspace       used 31873K, capacity 32420K, committed 32944K, reserved 1079296K
  class space    used 2682K, capacity 2949K, committed 2992K, reserved 1048576K
}
Event: 70.801 GC heap after
{Heap after GC invocations=84 (full 0):
 garbage-first heap   total 458752K, used 426272K [0x00000000c5000000, 0x0000000100000000)
  region size 1024K, 3 young (3072K), 3 survivors (3072K)
 Metaspace       used 31873K, capacity 32420K, committed 32944K, reserved 1079296K
  class space    used 2682K, capacity 2949K, committed 2992K, reserved 1048576K
}
Event: 70.812 GC heap before
{Heap before GC invocations=84 (full 0):
 garbage-first heap   total 458752K, used 445728K [0x00000000c5000000, 0x0000000100000000)
  region size 1024K, 22 young (22528K), 3 survivors (3072K)
 Metaspace       used 31873K, capacity 32420K, committed 32944K, reserved 1079296K
  class space    used 2682K, capacity 2949K, committed 2992K, reserved 1048576K
}
Event: 70.837 GC heap after
{Heap after GC invocations=85 (full 0):
 garbage-first heap   total 468992K, used 445808K [0x00000000c5000000, 0x0000000100000000)
  region size 1024K, 3 young (3072K), 3 survivors (3072K)
 Metaspace       used 31873K, capacity 32420K, committed 32944K, reserved 1079296K
  class space    used 2682K, capacity 2949K, committed 2992K, reserved 1048576K
}
Event: 70.853 GC heap before
{Heap before GC invocations=85 (full 0):
 garbage-first heap   total 468992K, used 465264K [0x00000000c5000000, 0x0000000100000000)
  region size 1024K, 22 young (22528K), 3 survivors (3072K)
 Metaspace       used 31876K, capacity 32420K, committed 32944K, reserved 1079296K
  class space    used 2682K, capacity 2949K, committed 2992K, reserved 1048576K
}
Event: 70.900 GC heap after
{Heap after GC invocations=86 (full 0):
 garbage-first heap   total 488448K, used 465248K [0x00000000c5000000, 0x0000000100000000)
  region size 1024K, 3 young (3072K), 3 survivors (3072K)
 Metaspace       used 31876K, capacity 32420K, committed 32944K, reserved 1079296K
  class space    used 2682K, capacity 2949K, committed 2992K, reserved 1048576K
}
Event: 71.009 GC heap before
{Heap before GC invocations=86 (full 0):
 garbage-first heap   total 488448K, used 485728K [0x00000000c5000000, 0x0000000100000000)
  region size 1024K, 23 young (23552K), 3 survivors (3072K)
 Metaspace       used 31877K, capacity 32420K, committed 32944K, reserved 1079296K
  class space    used 2682K, capacity 2949K, committed 2992K, reserved 1048576K
}
Event: 71.042 GC heap after
{Heap after GC invocations=87 (full 0):
 garbage-first heap   total 509952K, used 485648K [0x00000000c5000000, 0x0000000100000000)
  region size 1024K, 3 young (3072K), 3 survivors (3072K)
 Metaspace       used 31877K, capacity 32420K, committed 32944K, reserved 1079296K
  class space    used 2682K, capacity 2949K, committed 2992K, reserved 1048576K
}
Event: 71.256 GC heap before
{Heap before GC invocations=88 (full 0):
 garbage-first heap   total 509952K, used 458000K [0x00000000c5000000, 0x0000000100000000)
  region size 1024K, 24 young (24576K), 3 survivors (3072K)
 Metaspace       used 31878K, capacity 32420K, committed 32944K, reserved 1079296K
  class space    used 2682K, capacity 2949K, committed 2992K, reserved 1048576K
}

