# JRE version: OpenJDK Runtime Environment (10.0.2+13) (build 10.0.2+13-Ubuntu-1ubuntu0.18.04.2)
# Java VM: OpenJDK 64-Bit Server VM (10.0.2+13-Ubuntu-1ubuntu0.18.04.2, mixed mode, tiered, compressed oops, g1 gc, linux-amd64)
Heap:
 garbage-first heap   total 766976K, used 546801K [0x00000000c5000000, 0x0000000100000000)
  region size 1024K, 4 young (4096K), 4 survivors (4096K)
 Metaspace       used 25560K, capacity 26058K, committed 26544K, reserved 1073152K
  class space    used 2109K, capacity 2369K, committed 2480K, reserved 1048576K
GC Heap History (10 events):
Event: 41.929 GC heap after
{Heap after GC invocations=50 (full 0):
 garbage-first heap   total 526336K, used 398305K [0x00000000c5000000, 0x0000000100000000)
  region size 1024K, 4 young (4096K), 4 survivors (4096K)
 Metaspace       used 25551K, capacity 26058K, committed 26544K, reserved 1073152K
  class space    used 2109K, capacity 2369K, committed 2480K, reserved 1048576K
}
Event: 42.074 GC heap before
{Heap before GC invocations=50 (full 0):
 garbage-first heap   total 526336K, used 431073K [0x00000000c5000000, 0x0000000100000000)
  region size 1024K, 26 young (26624K), 4 survivors (4096K)
 Metaspace       used 25551K, capacity 26058K, committed 26544K, reserved 1073152K
  class space    used 2109K, capacity 2369K, committed 2480K, reserved 1048576K
}
Event: 42.139 GC heap after
{Heap after GC invocations=51 (full 0):
 garbage-first heap   total 633856K, used 422384K [0x00000000c5000000, 0x0000000100000000)
  region size 1024K, 4 young (4096K), 4 survivors (4096K)
 Metaspace       used 25551K, capacity 26058K, committed 26544K, reserved 1073152K
  class space    used 2109K, capacity 2369K, committed 2480K, reserved 1048576K
}
Event: 42.246 GC heap before
{Heap before GC invocations=51 (full 0):
 garbage-first heap   total 633856K, used 457200K [0x00000000c5000000, 0x0000000100000000)
  region size 1024K, 38 young (38912K), 4 survivors (4096K)
 Metaspace       used 25551K, capacity 26058K, committed 26544K, reserved 1073152K
  class space    used 2109K, capacity 2369K, committed 2480K, reserved 1048576K
}
Event: 42.387 GC heap after
{Heap after GC invocations=52 (full 0):
 garbage-first heap   total 633856K, used 457008K [0x00000000c5000000, 0x0000000100000000)
  region size 1024K, 5 young (5120K), 5 survivors (5120K)
 Metaspace       used 25551K, capacity 26058K, committed 26544K, reserved 1073152K
  class space    used 2109K, capacity 2369K, committed 2480K, reserved 1048576K
}
Event: 42.640 GC heap before
{Heap before GC invocations=52 (full 0):
 garbage-first heap   total 633856K, used 502064K [0x00000000c5000000, 0x0000000100000000)
  region size 1024K, 39 young (39936K), 5 survivors (5120K)
 Metaspace       used 25554K, capacity 26058K, committed 26544K, reserved 1073152K
  class space    used 2109K, capacity 2369K, committed 2480K, reserved 1048576K
}
Event: 42.715 GC heap after
{Heap after GC invocations=53 (full 0):
 garbage-first heap   total 633856K, used 493177K [0x00000000c5000000, 0x0000000100000000)
  region size 1024K, 5 young (5120K), 5 survivors (5120K)
 Metaspace       used 25554K, capacity 26058K, committed 26544K, reserved 1073152K
  class space    used 2109K, capacity 2369K, committed 2480K, reserved 1048576K
}
Event: 42.745 GC heap before
{Heap before GC invocations=53 (full 0):
 garbage-first heap   total 633856K, used 518777K [0x00000000c5000000, 0x0000000100000000)
  region size 1024K, 30 young (30720K), 5 survivors (5120K)
 Metaspace       used 25554K, capacity 26058K, committed 26544K, reserved 1073152K
  class space    used 2109K, capacity 2369K, committed 2480K, reserved 1048576K
}
Event: 42.821 GC heap after
{Heap after GC invocations=54 (full 0):
 garbage-first heap   total 633856K, used 518753K [0x00000000c5000000, 0x0000000100000000)
  region size 1024K, 4 young (4096K), 4 survivors (4096K)
 Metaspace       used 25554K, capacity 26058K, committed 26544K, reserved 1073152K
  class space    used 2109K, capacity 2369K, committed 2480K, reserved 1048576K
}
Event: 43.081 GC heap before
{Heap before GC invocations=54 (full 0):
 garbage-first heap   total 633856K, used 555617K [0x00000000c5000000, 0x0000000100000000)
  region size 1024K, 30 young (30720K), 4 survivors (4096K)
 Metaspace       used 25560K, capacity 26058K, committed 26544K, reserved 1073152K
  class space    used 2109K, capacity 2369K, committed 2480K, reserved 1048576K
}

