# JRE version: OpenJDK Runtime Environment (10.0.2+13) (build 10.0.2+13-Ubuntu-1ubuntu0.18.04.2)
# Java VM: OpenJDK 64-Bit Server VM (10.0.2+13-Ubuntu-1ubuntu0.18.04.2, mixed mode, tiered, compressed oops, g1 gc, linux-amd64)
Heap:
 garbage-first heap   total 762880K, used 473041K [0x00000000c5000000, 0x0000000100000000)
  region size 1024K, 1 young (1024K), 1 survivors (1024K)
 Metaspace       used 31992K, capacity 32611K, committed 33200K, reserved 1079296K
  class space    used 2683K, capacity 2949K, committed 2992K, reserved 1048576K
GC Heap History (10 events):
Event: 86.500 GC heap after
{Heap after GC invocations=115 (full 0):
 garbage-first heap   total 503808K, used 401696K [0x00000000c5000000, 0x0000000100000000)
  region size 1024K, 4 young (4096K), 4 survivors (4096K)
 Metaspace       used 31988K, capacity 32611K, committed 33200K, reserved 1079296K
  class space    used 2683K, capacity 2949K, committed 2992K, reserved 1048576K
}
Event: 86.512 GC heap before
{Heap before GC invocations=115 (full 0):
 garbage-first heap   total 503808K, used 422176K [0x00000000c5000000, 0x0000000100000000)
  region size 1024K, 24 young (24576K), 4 survivors (4096K)
 Metaspace       used 31988K, capacity 32611K, committed 33200K, reserved 1079296K
  class space    used 2683K, capacity 2949K, committed 2992K, reserved 1048576K
}
Event: 86.538 GC heap after
{Heap after GC invocations=116 (full 0):
 garbage-first heap   total 642048K, used 422096K [0x00000000c5000000, 0x0000000100000000)
  region size 1024K, 3 young (3072K), 3 survivors (3072K)
 Metaspace       used 31988K, capacity 32611K, committed 33200K, reserved 1079296K
  class space    used 2683K, capacity 2949K, committed 2992K, reserved 1048576K
}
Event: 86.816 GC heap before
{Heap before GC invocations=117 (full 0):
 garbage-first heap   total 642048K, used 422096K [0x00000000c5000000, 0x0000000100000000)
  region size 1024K, 50 young (51200K), 3 survivors (3072K)
 Metaspace       used 31990K, capacity 32611K, committed 33200K, reserved 1079296K
  class space    used 2683K, capacity 2949K, committed 2992K, reserved 1048576K
}
Event: 86.860 GC heap after
{Heap after GC invocations=118 (full 0):
 garbage-first heap   total 642048K, used 413249K [0x00000000c5000000, 0x0000000100000000)
  region size 1024K, 7 young (7168K), 7 survivors (7168K)
 Metaspace       used 31990K, capacity 32611K, committed 33200K, reserved 1079296K
  class space    used 2683K, capacity 2949K, committed 2992K, reserved 1048576K
}
Event: 86.882 GC heap before
{Heap before GC invocations=118 (full 0):
 garbage-first heap   total 642048K, used 437825K [0x00000000c5000000, 0x0000000100000000)
  region size 1024K, 31 young (31744K), 7 survivors (7168K)
 Metaspace       used 31990K, capacity 32611K, committed 33200K, reserved 1079296K
  class space    used 2683K, capacity 2949K, committed 2992K, reserved 1048576K
}
Event: 86.905 GC heap after
{Heap after GC invocations=119 (full 0):
 garbage-first heap   total 642048K, used 425825K [0x00000000c5000000, 0x0000000100000000)
  region size 1024K, 4 young (4096K), 4 survivors (4096K)
 Metaspace       used 31990K, capacity 32611K, committed 33200K, reserved 1079296K
  class space    used 2683K, capacity 2949K, committed 2992K, reserved 1048576K
}
Event: 87.030 GC heap before
{Heap before GC invocations=119 (full 0):
 garbage-first heap   total 642048K, used 483169K [0x00000000c5000000, 0x0000000100000000)
  region size 1024K, 50 young (51200K), 4 survivors (4096K)
 Metaspace       used 31992K, capacity 32611K, committed 33200K, reserved 1079296K
  class space    used 2683K, capacity 2949K, committed 2992K, reserved 1048576K
}
Event: 87.076 GC heap after
{Heap after GC invocations=120 (full 0):
 garbage-first heap   total 642048K, used 474583K [0x00000000c5000000, 0x0000000100000000)
  region size 1024K, 7 young (7168K), 7 survivors (7168K)
 Metaspace       used 31992K, capacity 32611K, committed 33200K, reserved 1079296K
  class space    used 2683K, capacity 2949K, committed 2992K, reserved 1048576K
}
Event: 87.113 GC heap before
{Heap before GC invocations=120 (full 0):
 garbage-first heap   total 642048K, used 503255K [0x00000000c5000000, 0x0000000100000000)
  region size 1024K, 36 young (36864K), 7 survivors (7168K)
 Metaspace       used 31992K, capacity 32611K, committed 33200K, reserved 1079296K
  class space    used 2683K, capacity 2949K, committed 2992K, reserved 1048576K
}

